<?xml version="1.0" encoding="UTF-8"?>
<!-- Generated by org.testng.reporters.JUnitReportReporter -->
<testsuite hostname="MAVBCP2226" failures="0" tests="1" name="com.qa.hubspot.tests.LoginTest" time="1.298" errors="0" timestamp="2022-01-29T17:24:08 IST" skipped="0">
  <testcase classname="com.qa.hubspot.tests.LoginTest" name="loginTest" time="1.298"/>
  <system-out/>
</testsuite> <!-- com.qa.hubspot.tests.LoginTest -->
